proguard-project.txt
# This is a configuration file for ProGuard.
# http://proguard.sourceforge.net/index.html#manual/usage.html

-dontusemixedcaseclassnames
-dontskipnonpubliclibraryclasses
-verbose

# Optimization is turned off by default. Dex does not like code run
# through the ProGuard optimize and preverify steps (and performs some
# of these optimizations on its own).
-dontoptimize
-dontpreverify
-dontobfuscate 

# If you want to enable optimization, you should include the
# following:
# -optimizations !code/simplification/arithmetic,!code/simplification/cast,!field/*,!class/merging/*
# -optimizationpasses 5
# -allowaccessmodification
#
# Note that you cannot just include these flags in your own
# configuration file; if you are including this file, optimization
# will be turned off. You'll need to either edit this file, or
# duplicate the contents of this file and remove the include of this
# file from your project's proguard.config path property.

#-keep public class java.lang.String
#-keep public class java.lang.Integer
#-keep public class com.ttxgps.gpslocation.R
-keep public class com.example.palmtrends_utils.R
-keep public class com.palmtrends.entity.Entity
-keep public class * extends com.palmtrends.entity.Entity
-keep public class * extends android.app.Activity
-keep public class * extends android.view.Window
-keep public class * extends android.view.View
-keep public class * extends android.app.Application
-keep public class * extends android.app.Service
-keep public class * extends android.content.BroadcastReceiver
-keep public class * extends android.content.ContentProvider
-keep public class * extends android.app.backup.BackupAgent
-keep public class * extends android.preference.Preference
-keep public class * extends android.support.v4.app.Fragment
-keep public class * extends android.app.Fragment
-keep public class com.android.vending.licensing.ILicensingService
-keep class android.support.v4.** { *;}
-keep class com.baidu.** { *;}
-keep class com.palmtrends.** { *;}
-keep class vi.com.gdi.bgl.** { *;}
# For native methods, see http://proguard.sourceforge.net/manual/examples.html#native

-keepclassmembers class * extends com.palmtrends.entity.Entity {
    public  <fields>;
}

-keepclasseswithmembernames class * {
    native <methods>;
}

-keep public class * extends android.view.View {
    public <init>(android.content.Context);
    public <init>(android.content.Context, android.util.AttributeSet);
    public <init>(android.content.Context, android.util.AttributeSet, int);
    public void set*(...);
}

-keepclasseswithmembers class * {
    public <init>(android.content.Context, android.util.AttributeSet);
}

-keepclasseswithmembers class * {
    public <init>(android.content.Context, android.util.AttributeSet, int);
}

-keepclassmembers class * extends android.app.Activity {
   public void *(android.view.View);
}

# For enumeration classes, see http://proguard.sourceforge.net/manual/examples.html#enumerations
-keepclassmembers enum * {
    public static **[] values();
    public static ** valueOf(java.lang.String);
}
-dontwarn android.support.v4**
-dontwarn com.baidu.** 
-dontwarn com.com.baidu.mapapi**
-dontwarn com.palmtrends**

-keep class * implements android.os.Parcelable {
  public static final android.os.Parcelable$Creator *;
}

-keep class com.umeng.message.* {
        public <fields>;
        public <methods>;
}

-keep class com.umeng.message.protobuffer.* {
        public <fields>;
        public <methods>;
}

-keep class com.squareup.wire.* {
        public <fields>;
        public <methods>;
}

-keep class com.umeng.message.local.* {
        public <fields>;
        public <methods>;
}
-keep class org.android.agoo.impl.*{
        public <fields>;
        public <methods>;
}

-dontwarn com.xiaomi.**

-dontwarn com.ut.mini.**

-keep class org.android.agoo.service.* {*;}

-keep class org.android.spdy.**{*;}

-keep public class com.xtst.gps.R$*{
    public static final int *;
}
-keepclassmembers class * {
   public <init>(org.json.JSONObject);
}

-libraryjars libs/umeng-update-v2.6.0.1.jar
-keep public class * extends com.umeng.**
-keep class com.umeng.** { *; }

-libraryjars libs/com.umeng.message.lib_v2.6.0.jar

-libraryjars libs/alipaySdk-20151215.jar
-libraryjars libs/gson-2.2.4.jar
 
-keep class com.alipay.android.app.IAlixPay{*;}
-keep class com.alipay.android.app.IAlixPay$Stub{*;}
-keep class com.alipay.android.app.IRemoteServiceCallback{*;}
-keep class com.alipay.android.app.IRemoteServiceCallback$Stub{*;}
-keep class com.alipay.sdk.app.PayTask{ public *;}
-keep class com.alipay.sdk.app.AuthTask{ public *;}

# The support library contains references to newer platform versions.
# Don't warn about those in case this app is linking against an older
# platform version.  We know about them, and they are safe.