proguard/seeds.txt
com.xtst.gps.R$array: int car_alarm
com.xtst.gps.R$array: int car_state
com.xtst.gps.R$array: int refresh_table
com.xtst.gps.R$array: int refresh_table_values
com.xtst.gps.R$attr: int cameraBearing
com.xtst.gps.R$attr: int cameraTargetLat
com.xtst.gps.R$attr: int cameraTargetLng
com.xtst.gps.R$attr: int cameraTilt
com.xtst.gps.R$attr: int cameraZoom
com.xtst.gps.R$attr: int mapType
com.xtst.gps.R$attr: int uiCompass
com.xtst.gps.R$attr: int uiRotateGestures
com.xtst.gps.R$attr: int uiScrollGestures
com.xtst.gps.R$attr: int uiTiltGestures
com.xtst.gps.R$attr: int uiZoomControls
com.xtst.gps.R$attr: int uiZoomGestures
com.xtst.gps.R$attr: int useViewLifecycle
com.xtst.gps.R$attr: int zOrderOnTop
com.xtst.gps.R$bool: int offline
com.xtst.gps.R$color: int common_action_bar_splitter
com.xtst.gps.R$color: int common_signin_btn_dark_text_default
com.xtst.gps.R$color: int common_signin_btn_dark_text_disabled
com.xtst.gps.R$color: int common_signin_btn_dark_text_focused
com.xtst.gps.R$color: int common_signin_btn_dark_text_pressed
com.xtst.gps.R$color: int common_signin_btn_default_background
com.xtst.gps.R$color: int common_signin_btn_light_text_default
com.xtst.gps.R$color: int common_signin_btn_light_text_disabled
com.xtst.gps.R$color: int common_signin_btn_light_text_focused
com.xtst.gps.R$color: int common_signin_btn_light_text_pressed
com.xtst.gps.R$color: int common_signin_btn_text_dark
com.xtst.gps.R$color: int common_signin_btn_text_light
com.xtst.gps.R$color: int translucent
com.xtst.gps.R$dimen: int image_detail_pager_margin
com.xtst.gps.R$dimen: int image_home_size
com.xtst.gps.R$dimen: int image_thumbnail_size
com.xtst.gps.R$dimen: int image_thumbnail_spacing
com.xtst.gps.R$drawable: int add_child
com.xtst.gps.R$drawable: int app_logo
com.xtst.gps.R$drawable: int arrow
com.xtst.gps.R$drawable: int arrow_h
com.xtst.gps.R$drawable: int bg
com.xtst.gps.R$drawable: int check
com.xtst.gps.R$drawable: int child_icon
com.xtst.gps.R$drawable: int common_signin_btn_icon_dark
com.xtst.gps.R$drawable: int common_signin_btn_icon_disabled_dark
com.xtst.gps.R$drawable: int common_signin_btn_icon_disabled_focus_dark
com.xtst.gps.R$drawable: int common_signin_btn_icon_disabled_focus_light
com.xtst.gps.R$drawable: int common_signin_btn_icon_disabled_light
com.xtst.gps.R$drawable: int common_signin_btn_icon_focus_dark
com.xtst.gps.R$drawable: int common_signin_btn_icon_focus_light
com.xtst.gps.R$drawable: int common_signin_btn_icon_light
com.xtst.gps.R$drawable: int common_signin_btn_icon_normal_dark
com.xtst.gps.R$drawable: int common_signin_btn_icon_normal_light
com.xtst.gps.R$drawable: int common_signin_btn_icon_pressed_dark
com.xtst.gps.R$drawable: int common_signin_btn_icon_pressed_light
com.xtst.gps.R$drawable: int common_signin_btn_text_dark
com.xtst.gps.R$drawable: int common_signin_btn_text_disabled_dark
com.xtst.gps.R$drawable: int common_signin_btn_text_disabled_focus_dark
com.xtst.gps.R$drawable: int common_signin_btn_text_disabled_focus_light
com.xtst.gps.R$drawable: int common_signin_btn_text_disabled_light
com.xtst.gps.R$drawable: int common_signin_btn_text_focus_dark
...
android.support.v4.app.FragmentManagerState$1
android.support.v4.app.FragmentManagerState$1: FragmentManagerState$1()
android.support.v4.app.FragmentManagerState$1: android.support.v4.app.FragmentManagerState createFromParcel(android.os.Parcel)
android.support.v4.app.FragmentManagerState$1: android.support.v4.app.FragmentManagerState[] newArray(int)
android.support.v4.app.FragmentManagerState$1: java.lang.Object[] newArray(int)
android.support.v4.app.FragmentManagerState$1: java.lang.Object createFromParcel(android.os.Parcel)
android.support.v4.app.FragmentPagerAdapter
android.support.v4.app.FragmentPagerAdapter: java.lang.String TAG
android.support.v4.app.FragmentPagerAdapter: boolean DEBUG
android.support.v4.app.FragmentPagerAdapter: android.support.v4.app.FragmentManager mFragmentManager
android.support.v4.app.FragmentPagerAdapter: android.support.v4.app.FragmentTransaction mCurTransaction
android.support.v4.app.FragmentPagerAdapter: android.support.v4.app.Fragment mCurrentPrimaryItem
android.support.v4.app.FragmentPagerAdapter: FragmentPagerAdapter(android.support.v4.app.FragmentManager)
android.support.v4.app.FragmentPagerAdapter: android.support.v4.app.Fragment getItem(int)
android.support.v4.app.FragmentPagerAdapter: void startUpdate(android.view.ViewGroup)
android.support.v4.app.FragmentPagerAdapter: java.lang.Object instantiateItem(android.view.ViewGroup,int)
android.support.v4.app.FragmentPagerAdapter: void destroyItem(android.view.ViewGroup,int,java.lang.Object)
android.support.v4.app.FragmentPagerAdapter: void setPrimaryItem(android.view.ViewGroup,int,java.lang.Object)
android.support.v4.app.FragmentPagerAdapter: void finishUpdate(android.view.ViewGroup)
android.support.v4.app.FragmentPagerAdapter: boolean isViewFromObject(android.view.View,java.lang.Object)
android.support.v4.app.FragmentPagerAdapter: android.os.Parcelable saveState()
android.support.v4.app.FragmentPagerAdapter: void restoreState(android.os.Parcelable,java.lang.ClassLoader)
android.support.v4.app.FragmentState
android.support.v4.app.FragmentState: java.lang.String mClassName
android.support.v4.app.FragmentState: int mIndex
android.support.v4.app.FragmentState: boolean mFromLayout
android.support.v4.app.FragmentState: int mFragmentId
android.support.v4.app.FragmentState: int mContainerId
android.support.v4.app.FragmentState: java.lang.String mTag
android.support.v4.app.FragmentState: boolean mRetainInstance
android.support.v4.app.FragmentState: boolean mDetached
android.support.v4.app.FragmentState: android.os.Bundle mArguments
android.support.v4.app.FragmentState: android.os.Bundle mSavedFragmentState
android.support.v4.app.FragmentState: android.support.v4.app.Fragment mInstance
android.support.v4.app.FragmentState: android.os.Parcelable$Creator CREATOR
android.support.v4.app.FragmentState: FragmentState(android.support.v4.app.Fragment)
android.support.v4.app.FragmentState: FragmentState(android.os.Parcel)
android.support.v4.app.FragmentState: android.support.v4.app.Fragment instantiate(android.support.v4.app.FragmentActivity,android.support.v4.app.Fragment)
android.support.v4.app.FragmentState: int describeContents()
android.support.v4.app.FragmentState: void writeToParcel(android.os.Parcel,int)
android.support.v4.app.FragmentState: void <clinit>()
android.support.v4.app.FragmentState$1
android.support.v4.app.FragmentState$1: FragmentState$1()
android.support.v4.app.FragmentState$1: android.support.v4.app.FragmentState createFromParcel(android.os.Parcel)
android.support.v4.app.FragmentState$1: android.support.v4.app.FragmentState[] newArray(int)
android.support.v4.app.FragmentState$1: java.lang.Object[] newArray(int)
android.support.v4.app.FragmentState$1: java.lang.Object createFromParcel(android.os.Parcel)