proguard/mapping.txt
com.baidu.mapapi.map.ItemizedOverlay -> com.baidu.mapapi.map.ItemizedOverlay:
    java.lang.String d -> d
    java.util.ArrayList e -> e
    android.graphics.drawable.Drawable f -> f
    com.baidu.mapapi.map.MapView g -> g
    void addItem(com.baidu.mapapi.map.OverlayItem) -> addItem
    void addItem(java.util.List) -> addItem
    void boundCenterBottom(com.baidu.mapapi.map.OverlayItem) -> boundCenterBottom
    void boundCenter(com.baidu.mapapi.map.OverlayItem) -> boundCenter
    java.util.ArrayList getAllItem() -> getAllItem
    com.baidu.mapapi.map.OverlayItem getItem(int) -> getItem
    int getLatSpanE6() -> getLatSpanE6
    int getLonSpanE6() -> getLonSpanE6
    com.baidu.platform.comapi.basestruct.GeoPoint getCenter() -> getCenter
    int a(boolean) -> a
    int getIndexToDraw(int) -> getIndexToDraw
    boolean hitTest(com.baidu.mapapi.map.OverlayItem,android.graphics.drawable.Drawable,int,int) -> hitTest
    boolean onTap(int) -> onTap
    boolean onTap(com.baidu.platform.comapi.basestruct.GeoPoint,com.baidu.mapapi.map.MapView) -> onTap
    void a(java.util.ArrayList) -> a
    int compare(java.lang.Integer,java.lang.Integer) -> compare
    boolean updateItem(com.baidu.mapapi.map.OverlayItem) -> updateItem
    boolean removeItem(com.baidu.mapapi.map.OverlayItem) -> removeItem
    boolean removeAll() -> removeAll
    com.baidu.mapapi.map.OverlayItem createItem(int) -> createItem
    int size() -> size
com.baidu.mapapi.map.LocationData -> com.baidu.mapapi.map.LocationData:
    double latitude -> latitude
    double longitude -> longitude
    float speed -> speed
    float direction -> direction
    float accuracy -> accuracy
    int satellitesNum -> satellitesNum
    java.lang.String a(boolean) -> a
    com.baidu.mapapi.map.LocationData clone() -> clone
    java.lang.Object clone() -> clone
com.baidu.mapapi.map.MKEvent -> com.baidu.mapapi.map.MKEvent:
    int MKEVENT_MAP_MOVE_FINISH -> MKEVENT_MAP_MOVE_FINISH
    int MKEVENT_BUS_DETAIL -> MKEVENT_BUS_DETAIL
    int MKEVENT_SUGGESTION -> MKEVENT_SUGGESTION
    int MKEVENT_POIRGCSHAREURL -> MKEVENT_POIRGCSHAREURL
    int MKEVENT_POIDETAILSHAREURL -> MKEVENT_POIDETAILSHAREURL
    int ERROR_NETWORK_CONNECT -> ERROR_NETWORK_CONNECT
    int ERROR_NETWORK_DATA -> ERROR_NETWORK_DATA
    int ERROR_ROUTE_ADDR -> ERROR_ROUTE_ADDR
    int ERROR_RESULT_NOT_FOUND -> ERROR_RESULT_NOT_FOUND
    int ERROR_PERMISSION_DENIED -> ERROR_PERMISSION_DENIED
    int a -> a
    int b -> b
    int c -> c
com.baidu.mapapi.map.MKMapStatus -> com.baidu.mapapi.map.MKMapStatus:
    int NOT_CHANGE -> NOT_CHANGE
    float zoom -> zoom
    int overlooking -> overlooking
    int rotate -> rotate
    com.baidu.platform.comapi.basestruct.GeoPoint targetGeo -> targetGeo
    android.graphics.Point targetScreen -> targetScreen
com.baidu.mapapi.map.MKMapStatusChangeListener -> com.baidu.mapapi.map.MKMapStatusChangeListener:
    void onMapStatusChange(com.baidu.mapapi.map.MKMapStatus) -> onMapStatusChange
com.baidu.mapapi.map.MKMapTouchListener -> com.baidu.mapapi.map.MKMapTouchListener:
    void onMapClick(com.baidu.platform.comapi.basestruct.GeoPoint) -> onMapClick
    void onMapDoubleClick(com.baidu.platform.comapi.basestruct.GeoPoint) -> onMapDoubleClick
    void onMapLongClick(com.baidu.platform.comapi.basestruct.GeoPoint) -> onMapLongClick
com.baidu.mapapi.map.MKMapViewListener -> com.baidu.mapapi.map.MKMapViewListener:
    void onMapMoveFinish() -> onMapMoveFinish
    void onClickMapPoi(com.baidu.mapapi.map.MapPoi) -> onClickMapPoi
    void onGetCurrentMap(android.graphics.Bitmap) -> onGetCurrentMap
    void onMapAnimationFinish() -> onMapAnimationFinish
    void onMapLoadFinish() -> onMapLoadFinish