proguard/usage.txt
com.xtst.gps.BuildConfig
com.xtst.gps.Manifest
com.xtst.gps.Manifest$permission
com.xtst.gps.R
com.xtst.gps.R$array
com.xtst.gps.R$attr
com.xtst.gps.R$bool
com.xtst.gps.R$color
com.xtst.gps.R$dimen
com.xtst.gps.R$drawable
com.xtst.gps.R$id
com.xtst.gps.R$layout
com.xtst.gps.R$string
com.xtst.gps.R$style
com.xtst.gps.R$styleable
com.xtst.gps.R$xml
...
com.google.android.gms.plus.model.people.Person$Collection
com.google.android.gms.plus.model.people.Person$Cover:
    public abstract com.google.android.gms.plus.model.people.Person$Cover$CoverInfo getCoverInfo()
    public abstract boolean hasCoverInfo()
    public abstract com.google.android.gms.plus.model.people.Person$Cover$CoverPhoto getCoverPhoto()
    public abstract boolean hasCoverPhoto()
    public abstract int getLayout()
    public abstract boolean hasLayout()
com.google.android.gms.plus.model.people.Person$Cover$CoverInfo:
    public abstract int getLeftImageOffset()
    public abstract boolean hasLeftImageOffset()
    public abstract int getTopImageOffset()
    public abstract boolean hasTopImageOffset()
com.google.android.gms.plus.model.people.Person$Cover$CoverPhoto:
    public abstract int getHeight()
    public abstract boolean hasHeight()
    public abstract java.lang.String getUrl()
    public abstract boolean hasUrl()
    public abstract int getWidth()
    public abstract boolean hasWidth()
com.google.android.gms.plus.model.people.Person$Cover$Layout
com.google.android.gms.plus.model.people.Person$Emails
com.google.android.gms.plus.model.people.Person$Emails$Type
com.google.android.gms.plus.model.people.Person$Gender
com.google.android.gms.plus.model.people.Person$Image:
    public abstract java.lang.String getUrl()
    public abstract boolean hasUrl()
com.google.android.gms.plus.model.people.Person$Name:
    public abstract java.lang.String getFamilyName()
    public abstract boolean hasFamilyName()
    public abstract java.lang.String getFormatted()
    public abstract boolean hasFormatted()
    public abstract java.lang.String getGivenName()
    public abstract boolean hasGivenName()
    public abstract java.lang.String getHonorificPrefix()
    public abstract boolean hasHonorificPrefix()
    public abstract java.lang.String getHonorificSuffix()
    public abstract boolean hasHonorificSuffix()
    public abstract java.lang.String getMiddleName()
    public abstract boolean hasMiddleName()
com.google.android.gms.plus.model.people.Person$ObjectType
com.google.android.gms.plus.model.people.Person$OrderBy
com.google.android.gms.plus.model.people.Person$Organizations:
    public abstract java.lang.String getDepartment()
    public abstract boolean hasDepartment()
    public abstract java.lang.String getDescription()
    public abstract boolean hasDescription()
    public abstract java.lang.String getEndDate()
    public abstract boolean hasEndDate()
    public abstract java.lang.String getLocation()
    public abstract boolean hasLocation()
    public abstract java.lang.String getName()
    public abstract boolean hasName()
    public abstract boolean isPrimary()
    public abstract boolean hasPrimary()
    public abstract java.lang.String getStartDate()
    public abstract boolean hasStartDate()
    public abstract java.lang.String getTitle()
    public abstract boolean hasTitle()
    public abstract int getType()
    public abstract boolean hasType()
com.google.android.gms.plus.model.people.Person$Organizations$Type
com.google.android.gms.plus.model.people.Person$PlacesLived:
    public abstract boolean isPrimary()
    public abstract boolean hasPrimary()
    public abstract java.lang.String getValue()
    public abstract boolean hasValue()
com.google.android.gms.plus.model.people.Person$RelationshipStatus
com.google.android.gms.plus.model.people.Person$Urls:
    public abstract java.lang.String getLabel()
    public abstract boolean hasLabel()
    public abstract int getType()
    public abstract boolean hasType()
    public abstract java.lang.String getValue()
    public abstract boolean hasValue()
com.google.android.gms.plus.model.people.Person$Urls$Type
com.google.android.gms.plus.model.people.PersonBuffer
com.ttxgps.entity.MyMarker:
    80:94:public static com.ttxgps.entity.MyMarker buildMyMarker(java.lang.String)